<?xml version="1.0" encoding="UTF-8"?>
<!-- Generated by org.testng.reporters.JUnitReportReporter -->
<testsuite hostname="DESKTOP-G662KOH" failures="0" tests="8" name="allureReports.Tests" time="73.019" errors="0" timestamp="2023-08-21T10:53:37 BDT" skipped="0">
  <testcase classname="allureReports.Tests" name="logoPresence" time="2.785"/>
  <testcase classname="allureReports.Tests" name="loginTest" time="8.449"/>
  <testcase classname="allureReports.Tests" name="addnewShop" time="22.687"/>
  <testcase classname="allureReports.Tests" name="ShopInfo" time="4.890"/>
  <testcase classname="allureReports.Tests" name="TransactionList" time="9.694"/>
  <testcase classname="allureReports.Tests" name="SellTab" time="11.876"/>
  <testcase classname="allureReports.Tests" name="CheckTallyBtn" time="6.208"/>
  <testcase classname="allureReports.Tests" name="CheckPurchaseTab" time="6.430"/>
</testsuite> <!-- allureReports.Tests -->
